TN:
SF:C:\dev\saltiest\src\polyfills.ts
FNF:0
FNH:0
DA:79,1
LF:1
LH:1
BRF:0
BRH:0
end_of_record
TN:
SF:C:\dev\saltiest\src\test.ts
FNF:0
FNH:0
DA:13,1
DA:18,1
DA:20,1
LF:3
LH:3
BRF:0
BRH:0
end_of_record
TN:
SF:C:\dev\saltiest\src\app\app.component.ts
FNF:0
FNH:0
DA:8,1
DA:9,2
DA:10,1
LF:3
LH:3
BRF:0
BRH:0
end_of_record
TN:
SF:C:\dev\saltiest\src\app\_core\core.module.ts
FNF:0
FNH:0
DA:6,1
DA:22,1
LF:2
LH:2
BRF:0
BRH:0
end_of_record
TN:
SF:C:\dev\saltiest\src\app\_core\consts\choice-type.const.ts
FNF:0
FNH:0
DA:2,1
LF:1
LH:1
BRF:0
BRH:0
end_of_record
TN:
SF:C:\dev\saltiest\src\app\_core\guards\auth.guard.ts
FN:12,AuthGuard
FN:17,(anonymous_4)
FNF:2
FNH:0
FNDA:0,AuthGuard
FNDA:0,(anonymous_4)
DA:10,1
DA:13,0
DA:14,0
DA:17,1
DA:21,0
DA:22,0
DA:24,0
DA:28,0
DA:29,0
DA:31,1
LF:10
LH:3
BRDA:22,0,0,0
BRDA:22,0,1,0
BRF:2
BRH:0
end_of_record
TN:
SF:C:\dev\saltiest\src\app\_core\guards\auth.service.ts
FN:24,AuthService
FN:32,(anonymous_4)
FN:36,(anonymous_5)
FN:40,(anonymous_6)
FN:47,(anonymous_7)
FN:57,(anonymous_8)
FN:63,(anonymous_9)
FN:67,(anonymous_10)
FNF:8
FNH:1
FNDA:3,AuthService
FNDA:0,(anonymous_4)
FNDA:0,(anonymous_5)
FNDA:0,(anonymous_6)
FNDA:0,(anonymous_7)
FNDA:0,(anonymous_8)
FNDA:0,(anonymous_9)
FNDA:0,(anonymous_10)
DA:12,1
DA:15,3
DA:22,3
DA:25,3
DA:26,3
DA:28,3
DA:29,3
DA:32,1
DA:33,0
DA:36,1
DA:37,0
DA:40,1
DA:45,0
DA:48,0
DA:50,0
DA:51,0
DA:52,0
DA:55,0
DA:58,0
DA:63,1
DA:64,0
DA:67,1
DA:70,0
DA:71,0
DA:72,0
DA:74,1
LF:26
LH:13
BRDA:37,0,0,0
BRDA:37,0,1,0
BRDA:48,1,0,0
BRDA:48,1,1,0
BRDA:48,2,0,0
BRDA:48,2,1,0
BRF:6
BRH:0
end_of_record
TN:
SF:C:\dev\saltiest\src\app\_core\header-bar\header-bar.component.ts
FN:11,HeaderBarComponent
FN:15,(anonymous_4)
FN:18,(anonymous_5)
FN:22,(anonymous_6)
FNF:4
FNH:1
FNDA:2,HeaderBarComponent
FNDA:0,(anonymous_4)
FNDA:0,(anonymous_5)
FNDA:0,(anonymous_6)
DA:10,1
DA:12,2
DA:15,1
DA:18,1
DA:19,0
DA:22,1
DA:23,0
DA:25,1
LF:8
LH:6
BRF:0
BRH:0
end_of_record
TN:
SF:C:/dev/saltiest/src/app/_parser/create-table-oracle-to-json.js
FN:3,(anonymous_0)
FN:4,id
FN:12,arrpush
FN:14,postprocess
FN:21,postprocess
FN:23,arrpush
FN:25,postprocess
FN:34,arrpush
FN:36,arrpush
FN:39,postprocess
FN:41,postprocess
FN:49,postprocess
FN:51,arrpush
FN:53,arrpush
FN:56,postprocess
FN:58,postprocess
FN:67,postprocess
FN:72,postprocess
FN:74,arrpush
FN:76,arrpush
FN:79,postprocess
FN:81,postprocess
FN:83,arrpush
FN:86,postprocess
FN:88,postprocess
FN:98,arrpush
FN:99,postprocess
FN:101,arrpush
FN:102,postprocess
FN:105,arrpush
FN:106,postprocess
FN:109,arrpush
FN:111,postprocess
FN:124,postprocess
FN:127,postprocess
FN:130,postprocess
FN:133,postprocess
FN:135,postprocess
FN:141,postprocess
FN:142,postprocess
FN:144,postprocess
FN:145,postprocess
FN:147,postprocess
FN:149,postprocess
FN:150,postprocess
FN:151,postprocess
FN:154,arrpush
FN:157,postprocess
FN:158,arrpush
FN:160,postprocess
FN:170,postprocess
FN:179,postprocess
FN:181,arrpush
FN:182,postprocess
FN:183,postprocess
FN:184,postprocess
FN:185,postprocess
FN:186,postprocess
FN:187,postprocess
FN:188,postprocess
FN:189,postprocess
FN:190,postprocess
FN:191,postprocess
FN:192,postprocess
FN:193,postprocess
FN:195,postprocess
FN:196,postprocess
FN:197,postprocess
FN:198,postprocess
FN:200,postprocess
FN:201,postprocess
FN:202,postprocess
FN:203,postprocess
FN:205,postprocess
FN:207,postprocess
FN:223,arrpush
FN:224,postprocess
FN:226,arrpush
FN:227,postprocess
FN:229,postprocess
FN:231,postprocess
FN:233,joiner
FN:234,postprocess
FN:236,postprocess
FN:237,postprocess
FN:239,postprocess
FN:240,postprocess
FN:244,arrpush
FN:245,postprocess
FN:247,arrpush
FN:248,postprocess
FN:249,postprocess
FN:253,arrpush
FN:256,arrpush
FN:258,postprocess
FN:262,postprocess
FN:265,postprocess
FN:266,postprocess
FN:271,postprocess
FN:276,postprocess
FN:278,postprocess
FN:280,postprocess
FN:284,postprocess
FN:286,postprocess
FN:288,postprocess
FN:292,postprocess
FN:294,postprocess
FN:296,postprocess
FN:300,postprocess
FN:302,postprocess
FN:304,postprocess
FN:308,postprocess
FN:310,postprocess
FN:312,postprocess
FN:316,postprocess
FN:318,postprocess
FN:320,postprocess
FN:326,postprocess
FN:328,postprocess
FN:332,postprocess
FN:334,postprocess
FN:340,postprocess
FN:342,postprocess
FN:344,postprocess
FN:350,postprocess
FN:352,postprocess
FN:354,postprocess
FN:376,postprocess
FN:378,postprocess
FN:384,postprocess
FN:386,postprocess
FN:392,postprocess
FN:394,postprocess
FN:401,postprocess
FN:403,postprocess
FN:407,postprocess
FN:409,postprocess
FN:413,postprocess
FN:415,postprocess
FN:419,postprocess
FN:421,postprocess
FN:431,arrpush
FN:434,arrpush
FN:444,arrpush
FN:445,postprocess
FN:447,arrpush
FN:448,postprocess
FNF:147
FNH:54
FNDA:1,(anonymous_0)
FNDA:561,id
FNDA:0,arrpush
FNDA:0,postprocess
FNDA:0,postprocess
FNDA:0,arrpush
FNDA:0,postprocess
FNDA:16,arrpush
FNDA:0,arrpush
FNDA:30,postprocess
FNDA:31,postprocess
FNDA:0,postprocess
FNDA:0,arrpush
FNDA:0,arrpush
FNDA:0,postprocess
FNDA:0,postprocess
FNDA:0,postprocess
FNDA:0,postprocess
FNDA:0,arrpush
FNDA:0,arrpush
FNDA:0,postprocess
FNDA:0,postprocess
FNDA:0,arrpush
FNDA:0,postprocess
FNDA:0,postprocess
FNDA:32,arrpush
FNDA:172,postprocess
FNDA:0,arrpush
FNDA:38,postprocess
FNDA:4,arrpush
FNDA:5,postprocess
FNDA:29,arrpush
FNDA:4,postprocess
FNDA:4,postprocess
FNDA:2,postprocess
FNDA:2,postprocess
FNDA:2,postprocess
FNDA:32,postprocess
FNDA:2,postprocess
FNDA:2,postprocess
FNDA:0,postprocess
FNDA:0,postprocess
FNDA:0,postprocess
FNDA:1,postprocess
FNDA:1,postprocess
FNDA:1,postprocess
FNDA:16,arrpush
FNDA:13,postprocess
FNDA:13,arrpush
FNDA:50,postprocess
FNDA:0,postprocess
FNDA:0,postprocess
FNDA:0,arrpush
FNDA:0,postprocess
FNDA:0,postprocess
FNDA:0,postprocess
FNDA:0,postprocess
FNDA:0,postprocess
FNDA:0,postprocess
FNDA:0,postprocess
FNDA:0,postprocess
FNDA:0,postprocess
FNDA:0,postprocess
FNDA:0,postprocess
FNDA:0,postprocess
FNDA:0,postprocess
FNDA:0,postprocess
FNDA:0,postprocess
FNDA:0,postprocess
FNDA:0,postprocess
FNDA:0,postprocess
FNDA:0,postprocess
FNDA:0,postprocess
FNDA:0,postprocess
FNDA:0,postprocess
FNDA:0,arrpush
FNDA:0,postprocess
FNDA:0,arrpush
FNDA:0,postprocess
FNDA:0,postprocess
FNDA:0,postprocess
FNDA:0,joiner
FNDA:0,postprocess
FNDA:0,postprocess
FNDA:0,postprocess
FNDA:0,postprocess
FNDA:0,postprocess
FNDA:0,arrpush
FNDA:0,postprocess
FNDA:0,arrpush
FNDA:0,postprocess
FNDA:0,postprocess
FNDA:101,arrpush
FNDA:20,arrpush
FNDA:2,postprocess
FNDA:14,postprocess
FNDA:0,postprocess
FNDA:0,postprocess
FNDA:2,postprocess
FNDA:1,postprocess
FNDA:1,postprocess
FNDA:2,postprocess
FNDA:0,postprocess
FNDA:0,postprocess
FNDA:0,postprocess
FNDA:6,postprocess
FNDA:6,postprocess
FNDA:12,postprocess
FNDA:7,postprocess
FNDA:7,postprocess
FNDA:8,postprocess
FNDA:0,postprocess
FNDA:0,postprocess
FNDA:0,postprocess
FNDA:0,postprocess
FNDA:0,postprocess
FNDA:0,postprocess
FNDA:0,postprocess
FNDA:0,postprocess
FNDA:0,postprocess
FNDA:0,postprocess
FNDA:0,postprocess
FNDA:0,postprocess
FNDA:0,postprocess
FNDA:6,postprocess
FNDA:6,postprocess
FNDA:12,postprocess
FNDA:3,postprocess
FNDA:3,postprocess
FNDA:0,postprocess
FNDA:0,postprocess
FNDA:0,postprocess
FNDA:0,postprocess
FNDA:7,postprocess
FNDA:7,postprocess
FNDA:0,postprocess
FNDA:0,postprocess
FNDA:1,postprocess
FNDA:1,postprocess
FNDA:2,postprocess
FNDA:5,postprocess
FNDA:1,arrpush
FNDA:0,arrpush
FNDA:1,arrpush
FNDA:1,postprocess
FNDA:0,arrpush
FNDA:0,postprocess
DA:3,1
DA:4,561
DA:8,1
DA:12,0
DA:15,0
DA:21,0
DA:23,0
DA:26,0
DA:27,0
DA:29,0
DA:34,16
DA:36,0
DA:39,30
DA:42,31
DA:49,0
DA:51,0
DA:53,0
DA:56,0
DA:59,0
DA:68,0
DA:72,0
DA:74,0
DA:76,0
DA:79,0
DA:81,0
DA:83,0
DA:86,0
DA:89,0
DA:98,32
DA:99,172
DA:101,0
DA:102,38
DA:105,4
DA:106,5
DA:109,29
DA:112,4
DA:113,4
DA:114,4
DA:117,4
DA:124,4
DA:127,2
DA:130,2
DA:133,2
DA:136,32
DA:141,2
DA:142,2
DA:144,0
DA:145,0
DA:147,0
DA:149,1
DA:150,1
DA:151,1
DA:154,16
DA:157,13
DA:158,13
DA:161,50
DA:171,0
DA:179,0
DA:181,0
DA:182,0
DA:183,0
DA:184,0
DA:185,0
DA:186,0
DA:187,0
DA:188,0
DA:189,0
DA:190,0
DA:191,0
DA:192,0
DA:193,0
DA:195,0
DA:196,0
DA:197,0
DA:198,0
DA:200,0
DA:201,0
DA:202,0
DA:203,0
DA:205,0
DA:208,0
DA:223,0
DA:224,0
DA:226,0
DA:227,0
DA:229,0
DA:231,0
DA:233,0
DA:234,0
DA:236,0
DA:237,0
DA:239,0
DA:240,0
DA:244,0
DA:245,0
DA:247,0
DA:248,0
DA:249,0
DA:253,101
DA:256,20
DA:259,2
DA:262,14
DA:265,0
DA:267,0
DA:271,2
DA:276,1
DA:278,1
DA:281,2
DA:284,0
DA:286,0
DA:289,0
DA:292,6
DA:294,6
DA:297,12
DA:300,7
DA:302,7
DA:305,8
DA:308,0
DA:310,0
DA:313,0
DA:316,0
DA:318,0
DA:321,0
DA:326,0
DA:329,0
DA:332,0
DA:335,0
DA:340,0
DA:342,0
DA:345,0
DA:350,6
DA:352,6
DA:355,12
DA:360,12
DA:361,12
DA:362,6
DA:364,6
DA:365,1
DA:366,1
DA:367,1
DA:369,5
DA:373,12
DA:376,3
DA:379,3
DA:384,0
DA:387,0
DA:392,0
DA:395,0
DA:401,7
DA:404,7
DA:407,0
DA:410,0
DA:413,1
DA:416,1
DA:419,2
DA:422,5
DA:431,1
DA:434,0
DA:444,1
DA:445,1
DA:447,0
DA:448,0
DA:452,1
DA:453,1
DA:455,0
LF:165
LH:69
BRDA:26,0,0,0
BRDA:26,0,1,0
BRDA:44,1,0,1
BRDA:44,1,1,30
BRDA:60,2,0,0
BRDA:60,2,1,0
BRDA:62,3,0,0
BRDA:62,3,1,0
BRDA:90,4,0,0
BRDA:90,4,1,0
BRDA:92,5,0,0
BRDA:92,5,1,0
BRDA:93,6,0,0
BRDA:93,6,1,0
BRDA:93,7,0,0
BRDA:93,7,1,0
BRDA:113,8,0,4
BRDA:113,8,1,0
BRDA:215,9,0,0
BRDA:215,9,1,0
BRDA:216,10,0,0
BRDA:216,10,1,0
BRDA:361,11,0,6
BRDA:361,11,1,6
BRDA:364,12,0,1
BRDA:364,12,1,5
BRDA:367,13,0,1
BRDA:367,13,1,0
BRDA:452,14,0,1
BRDA:452,14,1,0
BRDA:452,15,0,1
BRDA:452,15,1,1
BRF:32
BRH:11
end_of_record
TN:
SF:C:\dev\saltiest\src\app\_services\bootstrap-grid-system.service.ts
FN:11,BootstrapGridSystemService
FN:16,(anonymous_4)
FN:37,(anonymous_5)
FN:48,(anonymous_6)
FN:59,(anonymous_7)
FN:78,(anonymous_8)
FNF:6
FNH:5
FNDA:2,BootstrapGridSystemService
FNDA:0,(anonymous_4)
FNDA:2,(anonymous_5)
FNDA:6,(anonymous_6)
FNDA:17,(anonymous_7)
FNDA:2,(anonymous_8)
DA:6,1
DA:11,2
DA:12,2
DA:13,2
DA:16,1
DA:17,0
DA:37,1
DA:38,2
DA:39,2
DA:40,2
DA:42,2
DA:44,2
DA:45,6
DA:48,2
DA:49,6
DA:50,2
DA:55,6
DA:59,6
DA:60,17
DA:64,6
DA:67,2
DA:68,2
DA:69,2
DA:70,1
DA:71,1
DA:78,1
DA:79,2
DA:81,1
LF:28
LH:27
BRDA:11,0,0,0
BRDA:11,0,1,2
BRDA:49,1,0,2
BRDA:49,1,1,4
BRDA:69,2,0,1
BRDA:69,2,1,1
BRF:6
BRH:5
end_of_record
TN:
SF:C:\dev\saltiest\src\app\_services\bootstrap-html-template.service.ts
FN:16,(anonymous_3)
FN:26,(anonymous_4)
FN:34,(anonymous_5)
FN:110,(anonymous_6)
FN:115,(anonymous_7)
FN:119,(anonymous_8)
FN:124,(anonymous_9)
FN:126,(anonymous_10)
FN:146,(anonymous_11)
FNF:9
FNH:1
FNDA:3,(anonymous_3)
FNDA:0,(anonymous_4)
FNDA:0,(anonymous_5)
FNDA:0,(anonymous_6)
FNDA:0,(anonymous_7)
FNDA:0,(anonymous_8)
FNDA:0,(anonymous_9)
FNDA:0,(anonymous_10)
FNDA:0,(anonymous_11)
DA:8,1
DA:16,3
DA:17,3
DA:18,3
DA:19,3
DA:20,0
DA:25,3
DA:26,0
DA:27,0
DA:33,0
DA:35,0
DA:36,0
DA:39,0
DA:42,0
DA:50,3
DA:105,3
DA:110,1
DA:111,0
DA:112,0
DA:113,0
DA:115,0
DA:116,0
DA:117,0
DA:118,0
DA:119,0
DA:120,0
DA:121,0
DA:122,0
DA:123,0
DA:124,0
DA:125,0
DA:126,0
DA:127,0
DA:128,0
DA:130,0
DA:131,0
DA:133,0
DA:135,0
DA:136,0
DA:137,0
DA:139,0
DA:142,0
DA:146,1
DA:147,0
DA:148,0
DA:150,0
DA:151,0
DA:154,0
DA:156,1
LF:49
LH:11
BRDA:17,0,0,3
BRDA:17,0,1,0
BRDA:19,1,0,0
BRDA:19,1,1,3
BRDA:21,2,0,0
BRDA:21,2,1,0
BRDA:25,3,0,0
BRDA:25,3,1,3
BRDA:35,4,0,0
BRDA:35,4,1,0
BRDA:68,5,0,0
BRDA:68,5,1,3
BRDA:73,6,0,0
BRDA:73,6,1,3
BRDA:75,7,0,0
BRDA:75,7,1,3
BRDA:81,8,0,0
BRDA:81,8,1,3
BRDA:86,9,0,0
BRDA:86,9,1,3
BRDA:106,10,0,0
BRDA:106,10,1,3
BRDA:127,11,0,0
BRDA:127,11,1,0
BRF:24
BRH:9
end_of_record
TN:
SF:C:\dev\saltiest\src\app\_services\create-table-to-json.service.ts
FN:13,(anonymous_2)
FN:20,(anonymous_3)
FN:55,CreateTableToJsonService
FN:60,(anonymous_6)
FN:64,(anonymous_7)
FN:68,(anonymous_8)
FN:95,(anonymous_9)
FN:129,(anonymous_10)
FN:139,(anonymous_11)
FN:141,(anonymous_12)
FN:142,(anonymous_13)
FN:161,(anonymous_14)
FN:163,(anonymous_15)
FN:163,(anonymous_16)
FN:164,(anonymous_17)
FN:173,(anonymous_18)
FN:176,(anonymous_19)
FN:186,(anonymous_20)
FN:196,(anonymous_21)
FN:234,(anonymous_22)
FN:237,(anonymous_23)
FN:248,(anonymous_24)
FN:252,(anonymous_25)
FN:256,(anonymous_26)
FN:260,(anonymous_27)
FN:264,(anonymous_28)
FN:268,(anonymous_29)
FN:272,(anonymous_30)
FNF:28
FNH:17
FNDA:1,(anonymous_2)
FNDA:14,(anonymous_3)
FNDA:1,CreateTableToJsonService
FNDA:1,(anonymous_6)
FNDA:1,(anonymous_7)
FNDA:1,(anonymous_8)
FNDA:0,(anonymous_9)
FNDA:0,(anonymous_10)
FNDA:0,(anonymous_11)
FNDA:0,(anonymous_12)
FNDA:0,(anonymous_13)
FNDA:0,(anonymous_14)
FNDA:0,(anonymous_15)
FNDA:0,(anonymous_16)
FNDA:0,(anonymous_17)
FNDA:1,(anonymous_18)
FNDA:2,(anonymous_19)
FNDA:17,(anonymous_20)
FNDA:10,(anonymous_21)
FNDA:17,(anonymous_22)
FNDA:27,(anonymous_23)
FNDA:1,(anonymous_24)
FNDA:1,(anonymous_25)
FNDA:1,(anonymous_26)
FNDA:1,(anonymous_27)
FNDA:0,(anonymous_28)
FNDA:0,(anonymous_29)
FNDA:1,(anonymous_30)
DA:13,1
DA:14,1
DA:19,1
DA:21,14
DA:22,14
DA:23,14
DA:26,0
DA:33,1
DA:36,1
DA:53,1
DA:56,1
DA:57,1
DA:60,1
DA:61,1
DA:64,1
DA:65,1
DA:68,1
DA:69,1
DA:70,1
DA:74,1
DA:75,1
DA:84,1
DA:85,1
DA:86,1
DA:87,1
DA:91,0
DA:95,1
DA:96,0
DA:98,0
DA:99,0
DA:100,0
DA:101,0
DA:102,0
DA:105,0
DA:106,0
DA:107,0
DA:109,0
DA:126,0
DA:129,1
DA:130,0
DA:139,1
DA:140,0
DA:141,0
DA:142,0
DA:143,0
DA:153,0
DA:154,0
DA:157,0
DA:161,0
DA:163,0
DA:164,0
DA:167,0
DA:168,0
DA:173,1
DA:175,1
DA:176,1
DA:177,2
DA:178,2
DA:179,2
DA:180,2
DA:181,2
DA:182,2
DA:184,2
DA:185,2
DA:186,2
DA:187,17
DA:188,17
DA:189,17
DA:190,17
DA:191,17
DA:195,17
DA:196,8
DA:197,10
DA:198,7
DA:200,10
DA:201,2
DA:205,17
DA:206,0
DA:210,17
DA:220,17
DA:223,2
DA:231,1
DA:234,17
DA:235,17
DA:238,27
DA:239,27
DA:240,2
DA:242,27
DA:248,1
DA:249,1
DA:252,1
DA:253,1
DA:256,1
DA:257,1
DA:260,1
DA:261,1
DA:264,1
DA:265,0
DA:268,1
DA:269,0
DA:272,1
DA:275,1
DA:304,1
LF:103
LH:74
BRDA:22,0,0,14
BRDA:22,0,1,0
BRDA:84,1,0,1
BRDA:84,1,1,0
BRDA:98,2,0,0
BRDA:98,2,1,0
BRDA:140,3,0,0
BRDA:140,3,1,0
BRDA:146,4,0,0
BRDA:146,4,1,0
BRDA:153,5,0,0
BRDA:153,5,1,0
BRDA:154,6,0,0
BRDA:154,6,1,0
BRDA:175,7,0,1
BRDA:175,7,1,0
BRDA:175,8,0,1
BRDA:175,8,1,1
BRDA:195,9,0,8
BRDA:195,9,1,9
BRDA:195,10,0,17
BRDA:195,10,1,17
BRDA:197,11,0,7
BRDA:197,11,1,3
BRDA:200,12,0,2
BRDA:200,12,1,8
BRDA:205,13,0,0
BRDA:205,13,1,17
BRDA:239,14,0,2
BRDA:239,14,1,25
BRDA:249,15,0,0
BRDA:249,15,1,1
BRF:32
BRH:17
end_of_record
TN:
SF:C:\dev\saltiest\src\app\_services\form-config.service.ts
FN:14,FormConfigService
FN:16,(anonymous_4)
FN:22,(anonymous_5)
FNF:3
FNH:3
FNDA:9,FormConfigService
FNDA:1,(anonymous_4)
FNDA:9,(anonymous_5)
DA:10,1
DA:12,9
DA:16,1
DA:17,1
DA:19,1
DA:22,1
DA:24,9
DA:26,1
LF:8
LH:8
BRF:0
BRH:0
end_of_record
TN:
SF:C:\dev\saltiest\src\app\_services\form-content-config.service.ts
FN:15,FormContentConfigService
FN:38,(anonymous_4)
FN:42,(anonymous_5)
FNF:3
FNH:0
FNDA:0,FormContentConfigService
FNDA:0,(anonymous_4)
FNDA:0,(anonymous_5)
DA:7,1
DA:16,0
DA:38,1
DA:39,0
DA:42,1
DA:43,0
DA:100,1
LF:7
LH:4
BRF:0
BRH:0
end_of_record
TN:
SF:C:\dev\saltiest\src\app\config-choices\config-choices-routing.module.ts
FNF:0
FNH:0
DA:18,1
DA:35,1
LF:2
LH:2
BRF:0
BRH:0
end_of_record
TN:
SF:C:\dev\saltiest\src\app\config-choices\config-choices.component.ts
FN:10,ConfigChoicesComponent
FN:12,(anonymous_4)
FNF:2
FNH:2
FNDA:4,ConfigChoicesComponent
FNDA:4,(anonymous_4)
DA:8,1
DA:12,1
DA:15,1
LF:3
LH:3
BRF:0
BRH:0
end_of_record
TN:
SF:C:\dev\saltiest\src\app\config-choices\config-choices.module.ts
FNF:0
FNH:0
DA:29,1
LF:1
LH:1
BRF:0
BRH:0
end_of_record
TN:
SF:C:\dev\saltiest\src\app\config-choices\config-choice-form\config-choice-form.component.ts
FN:33,ConfigChoiceFormComponent
FN:43,(anonymous_4)
FN:49,(anonymous_5)
FN:65,(anonymous_6)
FN:75,(anonymous_7)
FN:83,(anonymous_8)
FN:111,(anonymous_9)
FN:217,(anonymous_10)
FN:223,(anonymous_11)
FN:227,(anonymous_12)
FN:231,(anonymous_13)
FN:237,(anonymous_14)
FN:264,(anonymous_15)
FN:269,(anonymous_16)
FN:283,(anonymous_17)
FN:310,(anonymous_18)
FN:325,(anonymous_19)
FN:329,(anonymous_20)
FNF:18
FNH:14
FNDA:6,ConfigChoiceFormComponent
FNDA:0,(anonymous_4)
FNDA:6,(anonymous_5)
FNDA:6,(anonymous_6)
FNDA:0,(anonymous_7)
FNDA:2,(anonymous_8)
FNDA:6,(anonymous_9)
FNDA:1,(anonymous_10)
FNDA:1,(anonymous_11)
FNDA:1,(anonymous_12)
FNDA:0,(anonymous_13)
FNDA:2,(anonymous_14)
FNDA:1,(anonymous_15)
FNDA:0,(anonymous_16)
FNDA:8,(anonymous_17)
FNDA:9,(anonymous_18)
FNDA:46,(anonymous_19)
FNDA:46,(anonymous_20)
DA:21,1
DA:23,6
DA:24,6
DA:27,6
DA:28,6
DA:31,6
DA:38,6
DA:39,6
DA:40,6
DA:42,6
DA:44,0
DA:49,6
DA:51,6
DA:54,6
DA:61,6
DA:62,0
DA:65,6
DA:66,6
DA:67,6
DA:72,6
DA:75,0
DA:76,0
DA:77,0
DA:81,6
DA:82,6
DA:84,2
DA:111,1
DA:116,6
DA:217,1
DA:218,1
DA:223,1
DA:224,1
DA:227,1
DA:228,1
DA:231,1
DA:232,0
DA:233,0
DA:234,0
DA:237,1
DA:238,2
DA:239,2
DA:240,2
DA:241,2
DA:243,2
DA:244,2
DA:245,2
DA:246,2
DA:247,2
DA:248,2
DA:249,2
DA:250,2
DA:252,2
DA:255,2
DA:259,2
DA:264,1
DA:265,1
DA:266,1
DA:269,1
DA:270,0
DA:271,0
DA:272,0
DA:275,0
DA:276,0
DA:278,0
DA:279,0
DA:283,1
DA:284,8
DA:287,8
DA:288,8
DA:290,8
DA:291,8
DA:292,8
DA:293,8
DA:296,8
DA:301,8
DA:307,8
DA:310,10
DA:311,9
DA:325,1
DA:326,46
DA:329,1
DA:330,46
DA:332,1
LF:83
LH:68
BRDA:52,0,0,6
BRDA:52,0,1,0
BRDA:51,1,0,6
BRDA:51,1,1,6
BRDA:51,1,2,6
BRDA:61,2,0,0
BRDA:61,2,1,6
BRDA:240,3,0,2
BRDA:240,3,1,0
BRDA:247,4,0,2
BRDA:247,4,1,0
BRDA:253,5,0,2
BRDA:253,5,1,0
BRDA:256,6,0,2
BRDA:256,6,1,0
BRDA:271,7,0,0
BRDA:271,7,1,0
BRDA:273,8,0,0
BRDA:273,8,1,0
BRDA:290,9,0,8
BRDA:290,9,1,0
BRDA:290,10,0,8
BRDA:290,10,1,8
BRDA:294,11,0,0
BRDA:294,11,1,8
BRDA:297,12,0,8
BRDA:297,12,1,0
BRDA:298,13,0,8
BRDA:298,13,1,0
BRDA:310,14,0,1
BRDA:310,14,1,8
BRDA:310,15,0,1
BRDA:310,15,1,8
BRF:33
BRH:19
end_of_record
TN:
SF:C:\dev\saltiest\src\app\config-choices\config-choices-list\config-choices-list.component.ts
FN:48,ConfigChoicesListComponent
FN:60,(anonymous_4)
FN:68,(anonymous_5)
FN:70,(anonymous_6)
FN:75,(anonymous_7)
FN:83,(anonymous_8)
FN:93,(anonymous_9)
FN:96,(anonymous_10)
FN:100,(anonymous_11)
FN:113,(anonymous_12)
FN:119,(anonymous_13)
FN:143,(anonymous_14)
FN:145,(anonymous_15)
FN:148,(anonymous_16)
FN:160,(anonymous_17)
FN:167,(anonymous_18)
FN:186,(anonymous_19)
FN:197,(anonymous_20)
FN:201,(anonymous_21)
FN:209,(anonymous_22)
FNF:20
FNH:6
FNDA:4,ConfigChoicesListComponent
FNDA:4,(anonymous_4)
FNDA:2,(anonymous_5)
FNDA:2,(anonymous_6)
FNDA:2,(anonymous_7)
FNDA:0,(anonymous_8)
FNDA:0,(anonymous_9)
FNDA:0,(anonymous_10)
FNDA:0,(anonymous_11)
FNDA:0,(anonymous_12)
FNDA:0,(anonymous_13)
FNDA:0,(anonymous_14)
FNDA:0,(anonymous_15)
FNDA:0,(anonymous_16)
FNDA:0,(anonymous_17)
FNDA:0,(anonymous_18)
FNDA:0,(anonymous_19)
FNDA:0,(anonymous_20)
FNDA:4,(anonymous_21)
FNDA:0,(anonymous_22)
DA:31,1
DA:34,4
DA:38,4
DA:45,4
DA:46,4
DA:49,4
DA:50,4
DA:51,4
DA:52,4
DA:60,4
DA:61,4
DA:63,4
DA:68,2
DA:71,2
DA:72,2
DA:76,2
DA:77,2
DA:80,0
DA:84,0
DA:85,0
DA:86,0
DA:90,0
DA:94,0
DA:97,0
DA:98,0
DA:100,0
DA:101,0
DA:102,0
DA:105,0
DA:107,0
DA:109,0
DA:114,0
DA:119,1
DA:120,0
DA:121,0
DA:135,0
DA:140,0
DA:141,0
DA:142,0
DA:144,0
DA:145,0
DA:146,0
DA:149,0
DA:150,0
DA:151,0
DA:152,0
DA:154,0
DA:157,0
DA:158,0
DA:160,0
DA:163,0
DA:167,1
DA:169,0
DA:186,1
DA:187,0
DA:194,0
DA:197,1
DA:198,0
DA:201,1
DA:202,4
DA:203,4
DA:204,4
DA:205,4
DA:206,4
DA:209,1
DA:210,0
DA:213,1
LF:67
LH:29
BRDA:71,0,0,2
BRDA:71,0,1,0
BRDA:71,1,0,2
BRDA:71,1,1,2
BRDA:76,2,0,2
BRDA:76,2,1,0
BRDA:76,3,0,2
BRDA:76,3,1,0
BRDA:85,4,0,0
BRDA:85,4,1,0
BRDA:101,5,0,0
BRDA:101,5,1,0
BRDA:119,6,0,0
BRDA:119,6,1,0
BRDA:119,7,0,0
BRDA:119,7,1,0
BRDA:120,8,0,0
BRDA:120,8,1,0
BRDA:144,9,0,0
BRDA:144,9,1,0
BRDA:149,10,0,0
BRDA:149,10,1,0
BRF:22
BRH:5
end_of_record
TN:
SF:C:\dev\saltiest\src\app\create-table-to-json\create-table-to-json.component.ts
FN:37,CreateTableToJsonComponent
FN:44,(anonymous_4)
FN:68,(anonymous_5)
FN:69,(anonymous_6)
FN:83,(anonymous_7)
FN:87,(anonymous_8)
FN:95,(anonymous_9)
FN:106,(anonymous_10)
FN:110,(anonymous_11)
FNF:9
FNH:9
FNDA:5,CreateTableToJsonComponent
FNDA:5,(anonymous_4)
FNDA:5,(anonymous_5)
FNDA:5,(anonymous_6)
FNDA:20,(anonymous_7)
FNDA:1,(anonymous_8)
FNDA:2,(anonymous_9)
FNDA:12,(anonymous_10)
FNDA:82,(anonymous_11)
DA:14,1
DA:16,5
DA:19,5
DA:38,5
DA:40,5
DA:44,1
DA:45,5
DA:46,5
DA:48,5
DA:65,5
DA:68,1
DA:69,5
DA:70,5
DA:72,5
DA:73,5
DA:74,5
DA:83,1
DA:84,20
DA:87,1
DA:88,1
DA:89,1
DA:90,1
DA:91,1
DA:92,1
DA:93,1
DA:94,1
DA:95,1
DA:96,2
DA:97,2
DA:98,2
DA:100,2
DA:102,1
DA:106,1
DA:107,12
DA:110,1
DA:111,82
DA:113,1
LF:37
LH:37
BRDA:72,0,0,5
BRDA:72,0,1,0
BRDA:77,1,0,0
BRDA:77,1,1,5
BRDA:77,2,0,5
BRDA:77,2,1,5
BRDA:93,3,0,1
BRDA:93,3,1,0
BRF:8
BRH:5
end_of_record
TN:
SF:C:\dev\saltiest\src\app\form-builder\form-config\form-config.component.ts
FN:28,FormConfigComponent
FN:35,(anonymous_4)
FN:64,(anonymous_5)
FNF:3
FNH:0
FNDA:0,FormConfigComponent
FNDA:0,(anonymous_4)
FNDA:0,(anonymous_5)
DA:13,1
DA:20,0
DA:21,0
DA:29,0
DA:30,0
DA:32,0
DA:35,1
DA:36,0
DA:37,0
DA:38,0
DA:61,0
DA:64,1
DA:65,0
DA:67,1
LF:14
LH:4
BRF:0
BRH:0
end_of_record
TN:
SF:C:\dev\saltiest\src\app\form-builder\form-config\form-config.module.ts
FNF:0
FNH:0
DA:37,1
LF:1
LH:1
BRF:0
BRH:0
end_of_record
TN:
SF:C:\dev\saltiest\src\app\form-builder\form-config\form-config-general\form-config-general.component.ts
FN:12,FormConfigGeneralComponent
FN:14,(anonymous_4)
FN:25,(anonymous_5)
FN:29,(anonymous_6)
FN:33,(anonymous_7)
FN:37,(anonymous_8)
FNF:6
FNH:6
FNDA:1,FormConfigGeneralComponent
FNDA:1,(anonymous_4)
FNDA:7,(anonymous_5)
FNDA:7,(anonymous_6)
FNDA:3,(anonymous_7)
FNDA:3,(anonymous_8)
DA:9,1
DA:14,1
DA:15,1
DA:19,1
DA:25,1
DA:26,7
DA:29,1
DA:30,7
DA:33,1
DA:34,3
DA:37,1
DA:38,3
DA:40,1
LF:13
LH:13
BRF:0
BRH:0
end_of_record
TN:
SF:C:\dev\saltiest\src\app\form-builder\form-config\form-config-html-editor\form-config-html-editor.component.ts
FN:12,FormConfigHtmlEditorComponent
FN:14,(anonymous_4)
FN:20,(anonymous_5)
FN:23,(anonymous_6)
FNF:4
FNH:4
FNDA:1,FormConfigHtmlEditorComponent
FNDA:1,(anonymous_4)
FNDA:1,(anonymous_5)
FNDA:1,(anonymous_6)
DA:9,1
DA:14,1
DA:15,1
DA:20,1
DA:21,1
DA:23,1
DA:24,1
DA:26,1
LF:8
LH:8
BRF:0
BRH:0
end_of_record
TN:
SF:C:\dev\saltiest\src\app\form-builder\form-config\form-config-img\form-config-img.component.ts
FN:13,FormConfigImgComponent
FN:15,(anonymous_4)
FN:24,(anonymous_5)
FN:28,(anonymous_6)
FN:32,(anonymous_7)
FNF:5
FNH:5
FNDA:1,FormConfigImgComponent
FNDA:1,(anonymous_4)
FNDA:1,(anonymous_5)
FNDA:13,(anonymous_6)
FNDA:14,(anonymous_7)
DA:9,1
DA:15,1
DA:16,1
DA:19,1
DA:24,1
DA:25,1
DA:28,1
DA:29,13
DA:32,1
DA:33,14
DA:35,1
LF:11
LH:11
BRF:0
BRH:0
end_of_record
TN:
SF:C:\dev\saltiest\src\app\form-builder\form-config\form-config-title\form-config-title.component.ts
FN:14,FormConfigTitleComponent
FN:16,(anonymous_4)
FN:24,(anonymous_5)
FN:28,(anonymous_6)
FNF:4
FNH:4
FNDA:1,FormConfigTitleComponent
FNDA:1,(anonymous_4)
FNDA:15,(anonymous_5)
FNDA:13,(anonymous_6)
DA:9,1
DA:16,1
DA:17,1
DA:19,1
DA:24,1
DA:25,15
DA:28,1
DA:29,13
DA:31,1
LF:9
LH:9
BRF:0
BRH:0
end_of_record
TN:
SF:C:\dev\saltiest\src\app\form-builder\form-menu\form-menu.component.ts
FN:36,FormMenuComponent
FN:42,(anonymous_4)
FN:65,(anonymous_5)
FN:73,(anonymous_6)
FN:83,(anonymous_7)
FN:87,(anonymous_8)
FN:92,(anonymous_9)
FN:96,(anonymous_10)
FNF:8
FNH:5
FNDA:2,FormMenuComponent
FNDA:2,(anonymous_4)
FNDA:1,(anonymous_5)
FNDA:0,(anonymous_6)
FNDA:0,(anonymous_7)
FNDA:0,(anonymous_8)
FNDA:59,(anonymous_9)
FNDA:51,(anonymous_10)
DA:17,1
DA:28,2
DA:29,2
DA:37,2
DA:38,2
DA:39,2
DA:42,2
DA:44,2
DA:53,2
DA:62,2
DA:66,1
DA:70,2
DA:74,0
DA:77,2
DA:83,1
DA:84,0
DA:87,1
DA:88,0
DA:89,0
DA:92,1
DA:93,59
DA:96,1
DA:97,51
DA:99,1
LF:24
LH:20
BRF:0
BRH:0
end_of_record
TN:
SF:C:\dev\saltiest\src\app\form-info\form-info.component.ts
FN:37,FormInfoComponent
FN:42,(anonymous_4)
FN:49,(anonymous_5)
FN:55,(anonymous_6)
FN:61,(anonymous_7)
FN:67,(anonymous_8)
FN:76,(anonymous_9)
FN:94,(anonymous_10)
FN:96,(anonymous_11)
FN:101,(anonymous_12)
FN:110,(anonymous_13)
FN:116,(anonymous_14)
FN:122,(anonymous_15)
FN:126,(anonymous_16)
FN:130,(anonymous_17)
FN:134,(anonymous_18)
FN:138,(anonymous_19)
FN:142,(anonymous_20)
FN:169,(anonymous_21)
FN:173,(anonymous_22)
FN:177,(anonymous_23)
FN:185,(anonymous_24)
FN:189,(anonymous_25)
FN:193,(anonymous_26)
FN:202,(anonymous_27)
FN:206,(anonymous_28)
FN:210,(anonymous_29)
FNF:27
FNH:5
FNDA:1,FormInfoComponent
FNDA:1,(anonymous_4)
FNDA:0,(anonymous_5)
FNDA:0,(anonymous_6)
FNDA:0,(anonymous_7)
FNDA:0,(anonymous_8)
FNDA:0,(anonymous_9)
FNDA:1,(anonymous_10)
FNDA:0,(anonymous_11)
FNDA:0,(anonymous_12)
FNDA:0,(anonymous_13)
FNDA:0,(anonymous_14)
FNDA:0,(anonymous_15)
FNDA:1,(anonymous_16)
FNDA:0,(anonymous_17)
FNDA:0,(anonymous_18)
FNDA:0,(anonymous_19)
FNDA:0,(anonymous_20)
FNDA:0,(anonymous_21)
FNDA:0,(anonymous_22)
FNDA:0,(anonymous_23)
FNDA:0,(anonymous_24)
FNDA:0,(anonymous_25)
FNDA:0,(anonymous_26)
FNDA:3,(anonymous_27)
FNDA:0,(anonymous_28)
FNDA:0,(anonymous_29)
DA:30,1
DA:32,1
DA:35,1
DA:38,1
DA:39,1
DA:42,1
DA:43,1
DA:45,1
DA:49,1
DA:50,0
DA:54,0
DA:55,0
DA:56,0
DA:60,0
DA:61,0
DA:62,0
DA:66,0
DA:67,0
DA:68,0
DA:72,0
DA:73,0
DA:76,0
DA:77,0
DA:90,1
DA:91,1
DA:94,1
DA:95,1
DA:97,0
DA:101,1
DA:102,0
DA:103,0
DA:104,0
DA:106,0
DA:110,1
DA:111,0
DA:112,0
DA:115,0
DA:116,0
DA:117,0
DA:118,0
DA:120,0
DA:121,0
DA:122,0
DA:126,1
DA:127,1
DA:130,1
DA:131,0
DA:134,1
DA:135,0
DA:138,1
DA:139,0
DA:142,1
DA:143,0
DA:169,1
DA:170,0
DA:173,1
DA:174,0
DA:177,1
DA:178,0
DA:185,1
DA:186,0
DA:189,1
DA:190,0
DA:193,1
DA:194,0
DA:202,1
DA:203,3
DA:206,1
DA:207,0
DA:210,1
DA:211,0
DA:217,1
LF:72
LH:32
BRDA:72,0,0,0
BRDA:72,0,1,0
BRDA:72,1,0,0
BRDA:72,1,1,0
BRDA:72,1,2,0
BRDA:103,2,0,0
BRDA:103,2,1,0
BRDA:111,3,0,0
BRDA:111,3,1,0
BRDA:115,4,0,0
BRDA:115,4,1,0
BRDA:120,5,0,0
BRDA:120,5,1,0
BRF:13
BRH:0
end_of_record
TN:
SF:C:\dev\saltiest\src\app\form-pages\form-pages.component.ts
FN:34,FormPagesComponent
FN:49,(anonymous_6)
FN:55,(anonymous_7)
FN:57,(anonymous_8)
FN:62,(anonymous_9)
FN:65,(anonymous_10)
FN:68,(anonymous_11)
FN:83,(anonymous_12)
FN:87,(anonymous_13)
FN:93,(anonymous_14)
FN:104,(anonymous_15)
FN:110,(anonymous_16)
FN:113,(anonymous_17)
FN:121,(anonymous_18)
FN:123,(anonymous_19)
FN:126,(anonymous_20)
FN:130,(anonymous_21)
FN:134,(anonymous_22)
FN:143,(anonymous_23)
FN:149,(anonymous_24)
FN:160,(anonymous_25)
FN:194,(anonymous_26)
FN:197,(anonymous_27)
FN:200,(anonymous_28)
FN:207,(anonymous_29)
FN:217,(anonymous_30)
FN:225,(anonymous_31)
FN:228,(anonymous_32)
FN:229,(anonymous_33)
FN:284,(anonymous_34)
FN:301,(anonymous_35)
FN:304,(anonymous_36)
FN:308,(anonymous_37)
FN:312,(anonymous_38)
FN:322,(anonymous_39)
FN:337,(anonymous_40)
FN:363,(anonymous_41)
FNF:37
FNH:9
FNDA:2,FormPagesComponent
FNDA:1,(anonymous_6)
FNDA:2,(anonymous_7)
FNDA:2,(anonymous_8)
FNDA:2,(anonymous_9)
FNDA:0,(anonymous_10)
FNDA:0,(anonymous_11)
FNDA:2,(anonymous_12)
FNDA:2,(anonymous_13)
FNDA:2,(anonymous_14)
FNDA:0,(anonymous_15)
FNDA:0,(anonymous_16)
FNDA:0,(anonymous_17)
FNDA:2,(anonymous_18)
FNDA:0,(anonymous_19)
FNDA:0,(anonymous_20)
FNDA:0,(anonymous_21)
FNDA:0,(anonymous_22)
FNDA:0,(anonymous_23)
FNDA:0,(anonymous_24)
FNDA:0,(anonymous_25)
FNDA:0,(anonymous_26)
FNDA:0,(anonymous_27)
FNDA:0,(anonymous_28)
FNDA:0,(anonymous_29)
FNDA:0,(anonymous_30)
FNDA:0,(anonymous_31)
FNDA:0,(anonymous_32)
FNDA:0,(anonymous_33)
FNDA:0,(anonymous_34)
FNDA:0,(anonymous_35)
FNDA:0,(anonymous_36)
FNDA:0,(anonymous_37)
FNDA:0,(anonymous_38)
FNDA:0,(anonymous_39)
FNDA:0,(anonymous_40)
FNDA:0,(anonymous_41)
DA:21,1
DA:23,2
DA:30,2
DA:32,2
DA:35,2
DA:36,2
DA:37,2
DA:38,2
DA:44,2
DA:46,2
DA:49,1
DA:50,1
DA:51,1
DA:55,2
DA:56,2
DA:58,2
DA:62,2
DA:63,2
DA:65,0
DA:66,0
DA:69,0
DA:73,0
DA:83,1
DA:84,2
DA:87,1
DA:88,2
DA:89,0
DA:93,1
DA:94,2
DA:95,2
DA:96,2
DA:97,2
DA:98,2
DA:99,2
DA:104,1
DA:105,0
DA:106,0
DA:107,0
DA:110,1
DA:111,0
DA:112,0
DA:114,0
DA:117,0
DA:121,2
DA:122,2
DA:124,0
DA:127,0
DA:132,0
DA:135,0
DA:136,0
DA:138,0
DA:142,2
DA:144,0
DA:145,0
DA:146,0
DA:147,0
DA:151,0
DA:152,0
DA:154,0
DA:158,2
DA:160,0
DA:161,0
DA:162,0
DA:163,0
DA:164,0
DA:165,0
DA:166,0
DA:168,0
DA:169,0
DA:170,0
DA:171,0
DA:193,2
DA:195,0
DA:198,0
DA:202,0
DA:203,0
DA:205,0
DA:208,0
DA:209,0
DA:211,0
DA:215,2
DA:217,0
DA:218,0
DA:219,0
DA:220,0
DA:221,0
DA:223,0
DA:224,0
DA:225,0
DA:226,0
DA:228,0
DA:230,0
DA:231,0
DA:233,0
DA:234,0
DA:235,0
DA:241,0
DA:247,0
DA:248,0
DA:250,0
DA:251,0
DA:252,0
DA:278,0
DA:285,0
DA:296,0
DA:300,2
DA:302,0
DA:305,0
DA:306,0
DA:310,0
DA:313,0
DA:314,0
DA:316,0
DA:320,2
DA:322,0
DA:323,0
DA:324,0
DA:325,0
DA:326,0
DA:327,0
DA:328,0
DA:335,2
DA:337,0
DA:338,0
DA:339,0
DA:340,0
DA:341,0
DA:342,0
DA:343,0
DA:344,0
DA:345,0
DA:346,0
DA:348,0
DA:349,0
DA:350,0
DA:351,0
DA:355,0
DA:364,0
DA:371,0
DA:372,0
DA:373,0
DA:387,1
LF:142
LH:41
BRDA:51,0,0,1
BRDA:51,0,1,0
BRDA:88,1,0,0
BRDA:88,1,1,2
BRDA:114,2,0,0
BRDA:114,2,1,0
BRDA:135,3,0,0
BRDA:135,3,1,0
BRDA:151,4,0,0
BRDA:151,4,1,0
BRDA:164,5,0,0
BRDA:164,5,1,0
BRDA:164,6,0,0
BRDA:164,6,1,0
BRDA:202,7,0,0
BRDA:202,7,1,0
BRDA:208,8,0,0
BRDA:208,8,1,0
BRDA:221,9,0,0
BRDA:221,9,1,0
BRDA:221,10,0,0
BRDA:221,10,1,0
BRDA:233,11,0,0
BRDA:233,11,1,0
BRDA:285,12,0,0
BRDA:285,12,1,0
BRDA:313,13,0,0
BRDA:313,13,1,0
BRDA:323,14,0,0
BRDA:323,14,1,0
BRDA:338,15,0,0
BRDA:338,15,1,0
BRDA:339,16,0,0
BRDA:339,16,1,0
BRDA:340,17,0,0
BRDA:340,17,1,0
BRDA:340,18,0,0
BRDA:340,18,1,0
BRDA:344,19,0,0
BRDA:344,19,1,0
BRDA:345,20,0,0
BRDA:345,20,1,0
BRDA:348,21,0,0
BRDA:348,21,1,0
BRDA:350,22,0,0
BRDA:350,22,1,0
BRDA:365,23,0,0
BRDA:365,23,1,0
BRDA:372,24,0,0
BRDA:372,24,1,0
BRF:50
BRH:2
end_of_record
TN:
SF:C:\dev\saltiest\src\app\form-pages\form-pages.module.ts
FNF:0
FNH:0
DA:37,1
LF:1
LH:1
BRF:0
BRH:0
end_of_record
TN:
SF:C:\dev\saltiest\src\app\form-pages\form-columns\form-columns.component.ts
FN:22,FormColumnsComponent
FN:27,(anonymous_4)
FN:28,(anonymous_5)
FN:34,(anonymous_6)
FNF:4
FNH:3
FNDA:1,FormColumnsComponent
FNDA:1,(anonymous_4)
FNDA:1,(anonymous_5)
FNDA:0,(anonymous_6)
DA:10,1
DA:23,1
DA:24,1
DA:27,1
DA:28,1
DA:29,1
DA:30,1
DA:34,1
DA:35,0
DA:37,1
LF:10
LH:9
BRF:0
BRH:0
end_of_record
TN:
SF:C:\dev\saltiest\src\app\form-pages\form-contents\form-contents.component.ts
FN:36,FormContentsComponent
FN:43,(anonymous_4)
FN:47,(anonymous_5)
FN:53,(anonymous_6)
FN:59,(anonymous_7)
FN:80,(anonymous_8)
FN:84,(anonymous_9)
FN:97,(anonymous_10)
FN:101,(anonymous_11)
FN:103,(anonymous_12)
FNF:10
FNH:6
FNDA:3,FormContentsComponent
FNDA:3,(anonymous_4)
FNDA:3,(anonymous_5)
FNDA:0,(anonymous_6)
FNDA:0,(anonymous_7)
FNDA:0,(anonymous_8)
FNDA:0,(anonymous_9)
FNDA:2,(anonymous_10)
FNDA:1,(anonymous_11)
FNDA:1,(anonymous_12)
DA:15,1
DA:20,3
DA:37,3
DA:38,3
DA:39,3
DA:40,3
DA:43,3
DA:44,3
DA:45,3
DA:48,3
DA:49,3
DA:53,1
DA:54,0
DA:55,0
DA:56,0
DA:59,1
DA:60,0
DA:62,0
DA:63,0
DA:64,0
DA:65,0
DA:66,0
DA:67,0
DA:68,0
DA:69,0
DA:70,0
DA:72,0
DA:73,0
DA:75,0
DA:80,1
DA:81,0
DA:82,0
DA:83,0
DA:84,0
DA:85,0
DA:86,0
DA:97,3
DA:98,2
DA:99,1
DA:102,1
DA:103,1
DA:104,1
DA:105,1
DA:108,1
DA:112,1
DA:115,1
LF:46
LH:24
BRDA:60,0,0,0
BRDA:60,0,1,0
BRDA:60,1,0,0
BRDA:60,1,1,0
BRDA:63,2,0,0
BRDA:63,2,1,0
BRDA:63,3,0,0
BRDA:63,3,1,0
BRDA:97,4,0,1
BRDA:97,4,1,1
BRDA:98,5,0,1
BRDA:98,5,1,1
BRDA:102,6,0,1
BRDA:102,6,1,0
BRDA:104,7,0,1
BRDA:104,7,1,0
BRF:16
BRH:6
end_of_record
TN:
SF:C:\dev\saltiest\src\app\form-pages\form-rows\form-rows.component.ts
FN:21,FormRowsComponent
FN:27,(anonymous_4)
FN:28,(anonymous_5)
FN:34,(anonymous_6)
FN:36,(anonymous_7)
FN:37,(anonymous_8)
FNF:6
FNH:6
FNDA:3,FormRowsComponent
FNDA:3,(anonymous_4)
FNDA:3,(anonymous_5)
FNDA:2,(anonymous_6)
FNDA:1,(anonymous_7)
FNDA:1,(anonymous_8)
DA:11,1
DA:22,3
DA:23,3
DA:24,3
DA:27,3
DA:28,3
DA:29,3
DA:30,3
DA:34,3
DA:35,2
DA:36,1
DA:37,1
DA:38,1
DA:39,1
DA:42,1
DA:46,1
DA:47,1
DA:50,1
LF:18
LH:18
BRDA:34,0,0,1
BRDA:34,0,1,1
BRDA:35,1,0,1
BRDA:35,1,1,1
BRDA:38,2,0,1
BRDA:38,2,1,0
BRF:6
BRH:5
end_of_record
TN:
SF:C:\dev\saltiest\src\app\form-pages\render-content\render-content.component.ts
FN:15,RenderContentComponent
FN:24,(anonymous_4)
FN:27,(anonymous_5)
FNF:3
FNH:3
FNDA:2,RenderContentComponent
FNDA:2,(anonymous_4)
FNDA:3,(anonymous_5)
DA:11,1
DA:13,2
DA:16,2
DA:18,2
DA:24,1
DA:27,1
DA:28,3
DA:29,3
DA:30,3
DA:31,3
DA:32,3
DA:35,0
DA:37,1
LF:13
LH:12
BRDA:28,0,0,3
BRDA:28,0,1,0
BRF:2
BRH:1
end_of_record
TN:
SF:C:\dev\saltiest\src\app\form-pages\render-content\render-content.module.ts
FNF:0
FNH:0
DA:14,1
LF:1
LH:1
BRF:0
BRH:0
end_of_record
TN:
SF:C:\dev\saltiest\src\app\home\home.component.ts
FN:19,HomeComponent
FN:25,(anonymous_4)
FNF:2
FNH:2
FNDA:1,HomeComponent
FNDA:1,(anonymous_4)
DA:13,1
DA:20,1
DA:21,1
DA:25,1
DA:26,1
DA:29,1
DA:30,1
DA:32,1
LF:8
LH:8
BRF:0
BRH:0
end_of_record
TN:
SF:C:\dev\saltiest\src\app\login\login.component.ts
FN:18,LoginComponent
FN:23,(anonymous_4)
FN:38,(anonymous_5)
FN:41,(anonymous_6)
FN:51,(anonymous_7)
FNF:5
FNH:2
FNDA:1,LoginComponent
FNDA:1,(anonymous_4)
FNDA:0,(anonymous_5)
FNDA:0,(anonymous_6)
FNDA:0,(anonymous_7)
DA:11,1
DA:13,1
DA:14,1
DA:15,1
DA:19,1
DA:20,1
DA:23,1
DA:24,1
DA:38,1
DA:39,0
DA:40,0
DA:42,0
DA:44,0
DA:47,0
DA:51,1
DA:53,1
LF:16
LH:11
BRDA:42,0,0,0
BRDA:42,0,1,0
BRDA:42,1,0,0
BRDA:42,1,1,0
BRF:4
BRH:0
end_of_record
TN:
SF:C:\dev\saltiest\src\app\page-not-found\page-not-found.component.ts
FN:10,PageNotFoundComponent
FN:12,(anonymous_4)
FNF:2
FNH:2
FNDA:1,PageNotFoundComponent
FNDA:1,(anonymous_4)
DA:8,1
DA:12,1
DA:15,1
LF:3
LH:3
BRF:0
BRH:0
end_of_record
TN:
SF:C:\dev\saltiest\src\app\projects\project-form\project-form.component.ts
FN:14,ProjectFormComponent
FN:21,(anonymous_4)
FN:28,(anonymous_5)
FN:36,(anonymous_6)
FN:47,(anonymous_7)
FN:53,(anonymous_8)
FN:60,(anonymous_9)
FN:68,(anonymous_10)
FNF:8
FNH:4
FNDA:2,ProjectFormComponent
FNDA:2,(anonymous_4)
FNDA:2,(anonymous_5)
FNDA:0,(anonymous_6)
FNDA:0,(anonymous_7)
FNDA:0,(anonymous_8)
FNDA:0,(anonymous_9)
FNDA:24,(anonymous_10)
DA:11,1
DA:15,2
DA:16,2
DA:17,2
DA:18,2
DA:21,2
DA:22,2
DA:28,2
DA:29,2
DA:30,2
DA:31,2
DA:33,2
DA:35,0
DA:37,0
DA:38,0
DA:47,1
DA:48,0
DA:49,0
DA:51,0
DA:52,0
DA:54,0
DA:55,0
DA:59,0
DA:61,0
DA:62,0
DA:68,1
DA:69,24
DA:71,1
LF:28
LH:16
BRDA:31,0,0,2
BRDA:31,0,1,0
BRDA:37,1,0,0
BRDA:37,1,1,0
BRDA:51,2,0,0
BRDA:51,2,1,0
BRDA:54,3,0,0
BRDA:54,3,1,0
BRDA:61,4,0,0
BRDA:61,4,1,0
BRF:10
BRH:1
end_of_record
TN:
SF:C:\dev\saltiest\src\app\shared\modal.component.ts
FN:36,(anonymous_3)
FN:40,(anonymous_4)
FN:30,(anonymous_5)
FN:32,(anonymous_6)
FNF:4
FNH:0
FNDA:0,(anonymous_3)
FNDA:0,(anonymous_4)
FNDA:0,(anonymous_5)
FNDA:0,(anonymous_6)
DA:24,1
DA:25,0
DA:27,0
DA:28,0
DA:30,1
DA:32,1
DA:33,0
DA:36,0
DA:37,0
DA:40,0
DA:41,0
DA:43,1
LF:12
LH:4
BRF:0
BRH:0
end_of_record
TN:
SF:C:\dev\saltiest\src\app\shared\shared.module.ts
FNF:0
FNH:0
DA:8,1
DA:31,1
LF:2
LH:2
BRF:0
BRH:0
end_of_record
TN:
SF:C:\dev\saltiest\src\app\shared\directives\sum-be-equals-to.directive.ts
FN:15,SumBeEqualsToDirective
FN:18,(anonymous_4)
FNF:2
FNH:2
FNDA:4,SumBeEqualsToDirective
FNDA:3,(anonymous_4)
DA:12,1
DA:18,1
DA:19,3
DA:20,3
DA:22,3
DA:23,6
DA:24,6
DA:25,6
DA:26,6
DA:27,6
DA:28,6
DA:29,10
DA:30,10
DA:31,10
DA:34,6
DA:35,1
DA:44,2
DA:46,1
LF:18
LH:18
BRDA:19,0,0,3
BRDA:19,0,1,0
BRDA:19,1,0,3
BRDA:19,1,1,3
BRDA:25,2,0,6
BRDA:25,2,1,0
BRDA:27,3,0,6
BRDA:27,3,1,0
BRDA:29,4,0,10
BRDA:29,4,1,0
BRDA:34,5,0,1
BRDA:34,5,1,5
BRF:12
BRH:8
end_of_record
TN:
SF:C:\dev\saltiest\src\app\shared\pipes\group-by.pipe.ts
FN:8,(anonymous_3)
FN:9,(anonymous_4)
FN:20,(anonymous_5)
FN:27,(anonymous_6)
FN:29,(anonymous_7)
FNF:5
FNH:0
FNDA:0,(anonymous_3)
FNDA:0,(anonymous_4)
FNDA:0,(anonymous_5)
FNDA:0,(anonymous_6)
FNDA:0,(anonymous_7)
DA:6,1
DA:8,1
DA:9,0
DA:10,0
DA:12,0
DA:13,0
DA:15,0
DA:17,0
DA:20,0
DA:21,0
DA:27,1
DA:28,0
DA:29,0
DA:31,1
LF:14
LH:4
BRDA:12,0,0,0
BRDA:12,0,1,0
BRDA:27,1,0,0
BRDA:27,1,1,0
BRDA:27,2,0,0
BRDA:27,2,1,0
BRDA:28,3,0,0
BRDA:28,3,1,0
BRDA:29,4,0,0
BRDA:29,4,1,0
BRF:10
BRH:0
end_of_record
TN:
SF:C:\dev\saltiest\src\app\shared\pipes\safe-html.pipe.ts
FN:6,SafeHtmlPipe
FN:8,(anonymous_4)
FNF:2
FNH:0
FNDA:0,SafeHtmlPipe
FNDA:0,(anonymous_4)
DA:5,1
DA:6,0
DA:8,1
DA:9,0
DA:13,1
LF:5
LH:3
BRF:0
BRH:0
end_of_record
TN:
SF:C:\dev\saltiest\src\app\shared\services\content.service.ts
FN:16,ContentService
FN:19,(anonymous_4)
FN:23,(anonymous_5)
FN:27,(anonymous_6)
FN:31,(anonymous_7)
FN:35,(anonymous_8)
FN:39,(anonymous_9)
FNF:7
FNH:0
FNDA:0,ContentService
FNDA:0,(anonymous_4)
FNDA:0,(anonymous_5)
FNDA:0,(anonymous_6)
FNDA:0,(anonymous_7)
FNDA:0,(anonymous_8)
FNDA:0,(anonymous_9)
DA:8,1
DA:9,0
DA:10,0
DA:16,0
DA:19,1
DA:20,0
DA:23,1
DA:24,0
DA:27,1
DA:28,0
DA:31,1
DA:32,0
DA:35,1
DA:36,0
DA:39,1
DA:40,0
DA:42,1
LF:17
LH:8
BRF:0
BRH:0
end_of_record
TN:
SF:C:\dev\saltiest\src\app\shared\services\database-engine.service.ts
FN:68,(anonymous_3)
FN:70,(anonymous_4)
FN:77,(anonymous_5)
FN:89,(anonymous_6)
FN:91,(anonymous_7)
FN:111,(anonymous_8)
FN:129,(anonymous_9)
FN:135,(anonymous_10)
FN:140,(anonymous_11)
FNF:9
FNH:7
FNDA:5,(anonymous_3)
FNDA:10,(anonymous_4)
FNDA:5,(anonymous_5)
FNDA:0,(anonymous_6)
FNDA:0,(anonymous_7)
FNDA:1,(anonymous_8)
FNDA:14,(anonymous_9)
FNDA:2,(anonymous_10)
FNDA:1,(anonymous_11)
DA:6,1
DA:7,1
DA:17,1
DA:68,5
DA:69,5
DA:71,10
DA:72,5
DA:75,10
DA:78,5
DA:89,1
DA:90,0
DA:92,0
DA:95,0
DA:96,0
DA:99,0
DA:100,0
DA:101,0
DA:102,0
DA:106,0
DA:111,1
DA:112,1
DA:129,14
DA:135,2
DA:140,1
DA:141,1
DA:176,1
LF:26
LH:17
BRDA:71,0,0,5
BRDA:71,0,1,5
BRDA:89,1,0,0
BRDA:89,1,1,0
BRDA:95,2,0,0
BRDA:95,2,1,0
BRDA:101,3,0,0
BRDA:101,3,1,0
BRF:8
BRH:2
end_of_record
TN:
SF:C:\dev\saltiest\src\app\shared\services\home.service.ts
FN:12,HomeService
FN:15,(anonymous_4)
FNF:2
FNH:2
FNDA:1,HomeService
FNDA:1,(anonymous_4)
DA:8,1
DA:10,1
DA:12,1
DA:15,1
DA:16,1
DA:19,1
LF:6
LH:6
BRF:0
BRH:0
end_of_record
TN:
SF:C:\dev\saltiest\src\app\shared\services\html-element.service.ts
FN:16,HtmlElementService
FN:20,(anonymous_6)
FN:23,(anonymous_7)
FN:24,(anonymous_8)
FN:39,(anonymous_9)
FN:47,(anonymous_10)
FN:57,(anonymous_11)
FN:61,(anonymous_12)
FN:65,(anonymous_13)
FN:71,(anonymous_14)
FNF:10
FNH:3
FNDA:5,HtmlElementService
FNDA:1,(anonymous_6)
FNDA:0,(anonymous_7)
FNDA:0,(anonymous_8)
FNDA:0,(anonymous_9)
FNDA:0,(anonymous_10)
FNDA:0,(anonymous_11)
FNDA:0,(anonymous_12)
FNDA:0,(anonymous_13)
FNDA:1,(anonymous_14)
DA:10,1
DA:13,5
DA:14,5
DA:16,5
DA:17,5
DA:20,1
DA:21,1
DA:24,0
DA:26,0
DA:31,0
DA:34,0
DA:37,0
DA:40,0
DA:47,1
DA:48,0
DA:52,0
DA:57,1
DA:58,0
DA:61,1
DA:62,0
DA:65,1
DA:66,0
DA:71,1
DA:72,1
DA:74,1
LF:25
LH:14
BRDA:26,0,0,0
BRDA:26,0,1,0
BRDA:27,1,0,0
BRDA:27,1,1,0
BRDA:27,1,2,0
BRF:5
BRH:0
end_of_record
TN:
SF:C:\dev\saltiest\src\app\shared\services\page.service.ts
FN:16,PageService
FN:19,(anonymous_4)
FN:23,(anonymous_5)
FN:27,(anonymous_6)
FN:31,(anonymous_7)
FN:35,(anonymous_8)
FN:39,(anonymous_9)
FN:43,(anonymous_10)
FNF:8
FNH:1
FNDA:2,PageService
FNDA:0,(anonymous_4)
FNDA:0,(anonymous_5)
FNDA:0,(anonymous_6)
FNDA:0,(anonymous_7)
FNDA:0,(anonymous_8)
FNDA:0,(anonymous_9)
FNDA:0,(anonymous_10)
DA:8,1
DA:9,2
DA:10,2
DA:16,2
DA:19,1
DA:20,0
DA:23,1
DA:24,0
DA:27,1
DA:28,0
DA:31,1
DA:32,0
DA:35,1
DA:36,0
DA:39,1
DA:40,0
DA:43,1
DA:44,0
DA:46,1
LF:19
LH:12
BRF:0
BRH:0
end_of_record
TN:
SF:C:\dev\saltiest\src\app\shared\services\project.service.ts
FN:16,ProjectService
FN:18,(anonymous_6)
FN:25,(anonymous_7)
FN:29,(anonymous_8)
FN:33,(anonymous_9)
FN:37,(anonymous_10)
FNF:6
FNH:0
FNDA:0,ProjectService
FNDA:0,(anonymous_6)
FNDA:0,(anonymous_7)
FNDA:0,(anonymous_8)
FNDA:0,(anonymous_9)
FNDA:0,(anonymous_10)
DA:8,1
DA:9,0
DA:10,0
DA:16,0
DA:18,1
DA:19,0
DA:22,0
DA:25,1
DA:26,0
DA:29,1
DA:30,0
DA:33,1
DA:34,0
DA:37,1
DA:38,0
DA:40,1
LF:16
LH:7
BRF:0
BRH:0
end_of_record
TN:
SF:C:\dev\saltiest\src\app\shared\services\row.service.ts
FN:18,RowService
FN:21,(anonymous_4)
FN:25,(anonymous_5)
FN:29,(anonymous_6)
FNF:4
FNH:0
FNDA:0,RowService
FNDA:0,(anonymous_4)
FNDA:0,(anonymous_5)
FNDA:0,(anonymous_6)
DA:9,1
DA:10,0
DA:11,0
DA:18,0
DA:21,1
DA:22,0
DA:25,1
DA:26,0
DA:29,1
DA:30,0
DA:31,0
DA:36,1
LF:12
LH:5
BRF:0
BRH:0
end_of_record
TN:
SF:C:\dev\saltiest\src\app\shared\services\tool.service.ts
FN:12,ToolService
FN:16,(anonymous_4)
FNF:2
FNH:2
FNDA:2,ToolService
FNDA:2,(anonymous_4)
DA:8,1
DA:10,2
DA:13,2
DA:16,1
DA:17,2
DA:19,1
LF:6
LH:6
BRF:0
BRH:0
end_of_record
TN:
SF:C:\dev\saltiest\src\app\shared\validators\ArrayValidators.ts
FN:3,(anonymous_0)
FN:6,(anonymous_2)
FN:7,(anonymous_3)
FN:16,(anonymous_4)
FN:17,(anonymous_5)
FNF:5
FNH:3
FNDA:1,(anonymous_0)
FNDA:0,(anonymous_2)
FNDA:0,(anonymous_3)
FNDA:6,(anonymous_4)
FNDA:56,(anonymous_5)
DA:3,1
DA:6,1
DA:7,0
DA:8,0
DA:9,0
DA:16,1
DA:17,6
DA:18,56
DA:20,56
DA:25,1
LF:10
LH:7
BRDA:8,0,0,0
BRDA:8,0,1,0
BRDA:10,1,0,0
BRDA:10,1,1,0
BRDA:18,2,0,0
BRDA:18,2,1,56
BRDA:21,3,0,8
BRDA:21,3,1,48
BRF:8
BRH:3
end_of_record
TN:
SF:C:\dev\saltiest\src\app\shared\validators\CustomValidators.ts
FN:3,(anonymous_0)
FN:4,(anonymous_2)
FN:5,(anonymous_3)
FNF:3
FNH:3
FNDA:1,(anonymous_0)
FNDA:7,(anonymous_2)
FNDA:25,(anonymous_3)
DA:3,1
DA:4,1
DA:5,7
DA:6,25
DA:7,25
DA:8,25
DA:11,25
DA:12,49
DA:13,49
DA:14,49
DA:15,49
DA:16,49
DA:17,49
DA:18,123
DA:19,123
DA:20,123
DA:23,49
DA:24,2
DA:33,23
DA:36,1
LF:20
LH:20
BRDA:6,0,0,25
BRDA:6,0,1,0
BRDA:6,1,0,25
BRDA:6,1,1,25
BRDA:9,2,0,0
BRDA:9,2,1,25
BRDA:14,3,0,49
BRDA:14,3,1,0
BRDA:16,4,0,49
BRDA:16,4,1,0
BRDA:18,5,0,123
BRDA:18,5,1,0
BRDA:23,6,0,2
BRDA:23,6,1,47
BRF:14
BRH:9
end_of_record
